<?xml version="1.0" encoding="UTF-8"?>
<coverage generated="1656404486135" clover="3.2.0">
  <project timestamp="1656404486135" name="All files">
    <metrics statements="125" coveredstatements="122" conditionals="52" coveredconditionals="48" methods="12" coveredmethods="11" elements="189" coveredelements="181" complexity="0" loc="125" ncloc="125" packages="1" files="1" classes="1"/>
    <file name="game.js" path="/home/godefroi/Desktop/trivia/javascript/game.js">
      <metrics statements="125" coveredstatements="122" conditionals="52" coveredconditionals="48" methods="12" coveredmethods="11"/>
      <line num="1" count="1" type="cond" truecount="2" falsecount="2"/>
      <line num="3" count="1" type="stmt"/>
      <line num="4" count="1" type="stmt"/>
      <line num="5" count="1" type="stmt"/>
      <line num="6" count="1" type="stmt"/>
      <line num="7" count="1" type="stmt"/>
      <line num="9" count="1" type="stmt"/>
      <line num="10" count="1" type="stmt"/>
      <line num="11" count="1" type="stmt"/>
      <line num="12" count="1" type="stmt"/>
      <line num="14" count="1" type="stmt"/>
      <line num="15" count="1" type="stmt"/>
      <line num="17" count="1" type="stmt"/>
      <line num="18" count="15" type="stmt"/>
      <line num="21" count="1" type="stmt"/>
      <line num="22" count="95" type="cond" truecount="2" falsecount="0"/>
      <line num="23" count="15" type="stmt"/>
      <line num="24" count="80" type="cond" truecount="2" falsecount="0"/>
      <line num="25" count="10" type="stmt"/>
      <line num="26" count="70" type="cond" truecount="1" falsecount="1"/>
      <line num="27" count="0" type="stmt"/>
      <line num="28" count="70" type="cond" truecount="2" falsecount="0"/>
      <line num="29" count="5" type="stmt"/>
      <line num="30" count="65" type="cond" truecount="2" falsecount="0"/>
      <line num="31" count="10" type="stmt"/>
      <line num="32" count="55" type="cond" truecount="1" falsecount="1"/>
      <line num="33" count="0" type="stmt"/>
      <line num="34" count="55" type="cond" truecount="2" falsecount="0"/>
      <line num="35" count="10" type="stmt"/>
      <line num="36" count="45" type="cond" truecount="2" falsecount="0"/>
      <line num="37" count="10" type="stmt"/>
      <line num="38" count="35" type="cond" truecount="2" falsecount="0"/>
      <line num="39" count="10" type="stmt"/>
      <line num="40" count="25" type="stmt"/>
      <line num="43" count="1" type="stmt"/>
      <line num="44" count="50" type="stmt"/>
      <line num="47" count="1" type="stmt"/>
      <line num="48" count="50" type="stmt"/>
      <line num="49" count="50" type="stmt"/>
      <line num="50" count="50" type="stmt"/>
      <line num="51" count="50" type="stmt"/>
      <line num="54" count="1" type="stmt"/>
      <line num="55" count="0" type="stmt"/>
      <line num="58" count="1" type="stmt"/>
      <line num="59" count="3" type="stmt"/>
      <line num="60" count="3" type="stmt"/>
      <line num="61" count="3" type="stmt"/>
      <line num="62" count="3" type="stmt"/>
      <line num="64" count="3" type="stmt"/>
      <line num="65" count="3" type="stmt"/>
      <line num="67" count="3" type="stmt"/>
      <line num="70" count="1" type="stmt"/>
      <line num="71" count="9" type="stmt"/>
      <line num="75" count="1" type="stmt"/>
      <line num="76" count="19" type="cond" truecount="2" falsecount="0"/>
      <line num="77" count="5" type="stmt"/>
      <line num="78" count="19" type="cond" truecount="2" falsecount="0"/>
      <line num="79" count="3" type="stmt"/>
      <line num="80" count="19" type="cond" truecount="2" falsecount="0"/>
      <line num="81" count="6" type="stmt"/>
      <line num="82" count="19" type="cond" truecount="2" falsecount="0"/>
      <line num="83" count="5" type="stmt"/>
      <line num="86" count="1" type="stmt"/>
      <line num="87" count="32" type="stmt"/>
      <line num="88" count="32" type="stmt"/>
      <line num="90" count="32" type="cond" truecount="2" falsecount="0"/>
      <line num="91" count="23" type="cond" truecount="2" falsecount="0"/>
      <line num="92" count="10" type="stmt"/>
      <line num="94" count="10" type="stmt"/>
      <line num="95" count="10" type="stmt"/>
      <line num="96" count="10" type="cond" truecount="2" falsecount="0"/>
      <line num="97" count="4" type="stmt"/>
      <line num="100" count="10" type="stmt"/>
      <line num="101" count="10" type="stmt"/>
      <line num="102" count="10" type="stmt"/>
      <line num="104" count="13" type="stmt"/>
      <line num="105" count="13" type="stmt"/>
      <line num="109" count="9" type="stmt"/>
      <line num="110" count="9" type="cond" truecount="2" falsecount="0"/>
      <line num="111" count="1" type="stmt"/>
      <line num="114" count="9" type="stmt"/>
      <line num="115" count="9" type="stmt"/>
      <line num="116" count="9" type="stmt"/>
      <line num="120" count="1" type="stmt"/>
      <line num="121" count="28" type="cond" truecount="2" falsecount="0"/>
      <line num="122" count="22" type="cond" truecount="2" falsecount="0"/>
      <line num="123" count="9" type="stmt"/>
      <line num="124" count="9" type="stmt"/>
      <line num="125" count="9" type="stmt"/>
      <line num="128" count="9" type="stmt"/>
      <line num="129" count="9" type="stmt"/>
      <line num="130" count="9" type="cond" truecount="2" falsecount="0"/>
      <line num="131" count="3" type="stmt"/>
      <line num="133" count="9" type="stmt"/>
      <line num="135" count="13" type="stmt"/>
      <line num="136" count="13" type="cond" truecount="2" falsecount="0"/>
      <line num="137" count="4" type="stmt"/>
      <line num="138" count="13" type="stmt"/>
      <line num="145" count="6" type="stmt"/>
      <line num="147" count="6" type="stmt"/>
      <line num="148" count="6" type="stmt"/>
      <line num="151" count="6" type="stmt"/>
      <line num="153" count="6" type="stmt"/>
      <line num="154" count="6" type="cond" truecount="2" falsecount="0"/>
      <line num="155" count="2" type="stmt"/>
      <line num="157" count="6" type="stmt"/>
      <line num="161" count="1" type="stmt"/>
      <line num="162" count="4" type="stmt"/>
      <line num="163" count="4" type="stmt"/>
      <line num="164" count="4" type="stmt"/>
      <line num="166" count="4" type="stmt"/>
      <line num="167" count="4" type="cond" truecount="2" falsecount="0"/>
      <line num="168" count="1" type="stmt"/>
      <line num="169" count="4" type="stmt"/>
      <line num="173" count="1" type="stmt"/>
      <line num="174" count="1" type="stmt"/>
      <line num="176" count="1" type="stmt"/>
      <line num="177" count="1" type="stmt"/>
      <line num="178" count="1" type="stmt"/>
      <line num="179" count="1" type="stmt"/>
      <line num="180" count="1" type="stmt"/>
      <line num="182" count="32" type="stmt"/>
      <line num="184" count="32" type="cond" truecount="2" falsecount="0"/>
      <line num="185" count="4" type="stmt"/>
      <line num="187" count="28" type="stmt"/>
    </file>
  </project>
</coverage>
