{"/home/godefroi/Desktop/trivia/javascript/game.js": {"path":"/home/godefroi/Desktop/trivia/javascript/game.js","statementMap":{"0":{"start":{"line":1,"column":0},"end":{"line":1,"column":77}},"1":{"start":{"line":3,"column":0},"end":{"line":171,"column":2}},"2":{"start":{"line":4,"column":25},"end":{"line":4,"column":36}},"3":{"start":{"line":5,"column":25},"end":{"line":5,"column":37}},"4":{"start":{"line":6,"column":25},"end":{"line":6,"column":37}},"5":{"start":{"line":7,"column":25},"end":{"line":7,"column":37}},"6":{"start":{"line":9,"column":25},"end":{"line":9,"column":36}},"7":{"start":{"line":10,"column":25},"end":{"line":10,"column":36}},"8":{"start":{"line":11,"column":25},"end":{"line":11,"column":36}},"9":{"start":{"line":12,"column":25},"end":{"line":12,"column":36}},"10":{"start":{"line":14,"column":25},"end":{"line":14,"column":26}},"11":{"start":{"line":15,"column":33},"end":{"line":15,"column":38}},"12":{"start":{"line":17,"column":21},"end":{"line":19,"column":3}},"13":{"start":{"line":18,"column":4},"end":{"line":18,"column":40}},"14":{"start":{"line":21,"column":24},"end":{"line":41,"column":3}},"15":{"start":{"line":22,"column":4},"end":{"line":23,"column":19}},"16":{"start":{"line":23,"column":6},"end":{"line":23,"column":19}},"17":{"start":{"line":24,"column":4},"end":{"line":25,"column":19}},"18":{"start":{"line":25,"column":6},"end":{"line":25,"column":19}},"19":{"start":{"line":26,"column":4},"end":{"line":27,"column":19}},"20":{"start":{"line":27,"column":6},"end":{"line":27,"column":19}},"21":{"start":{"line":28,"column":4},"end":{"line":29,"column":23}},"22":{"start":{"line":29,"column":6},"end":{"line":29,"column":23}},"23":{"start":{"line":30,"column":4},"end":{"line":31,"column":23}},"24":{"start":{"line":31,"column":6},"end":{"line":31,"column":23}},"25":{"start":{"line":32,"column":4},"end":{"line":33,"column":23}},"26":{"start":{"line":33,"column":6},"end":{"line":33,"column":23}},"27":{"start":{"line":34,"column":4},"end":{"line":35,"column":22}},"28":{"start":{"line":35,"column":6},"end":{"line":35,"column":22}},"29":{"start":{"line":36,"column":4},"end":{"line":37,"column":22}},"30":{"start":{"line":37,"column":6},"end":{"line":37,"column":22}},"31":{"start":{"line":38,"column":4},"end":{"line":39,"column":22}},"32":{"start":{"line":39,"column":6},"end":{"line":39,"column":22}},"33":{"start":{"line":40,"column":4},"end":{"line":40,"column":18}},"34":{"start":{"line":43,"column":2},"end":{"line":45,"column":4}},"35":{"start":{"line":44,"column":4},"end":{"line":44,"column":34}},"36":{"start":{"line":47,"column":2},"end":{"line":52,"column":3}},"37":{"start":{"line":47,"column":14},"end":{"line":47,"column":15}},"38":{"start":{"line":48,"column":4},"end":{"line":48,"column":41}},"39":{"start":{"line":49,"column":4},"end":{"line":49,"column":49}},"40":{"start":{"line":50,"column":4},"end":{"line":50,"column":47}},"41":{"start":{"line":51,"column":4},"end":{"line":51,"column":51}},"42":{"start":{"line":54,"column":2},"end":{"line":56,"column":4}},"43":{"start":{"line":55,"column":4},"end":{"line":55,"column":31}},"44":{"start":{"line":58,"column":2},"end":{"line":68,"column":4}},"45":{"start":{"line":59,"column":4},"end":{"line":59,"column":29}},"46":{"start":{"line":60,"column":4},"end":{"line":60,"column":42}},"47":{"start":{"line":61,"column":4},"end":{"line":61,"column":42}},"48":{"start":{"line":62,"column":4},"end":{"line":62,"column":52}},"49":{"start":{"line":64,"column":4},"end":{"line":64,"column":39}},"50":{"start":{"line":65,"column":4},"end":{"line":65,"column":56}},"51":{"start":{"line":67,"column":4},"end":{"line":67,"column":16}},"52":{"start":{"line":70,"column":2},"end":{"line":72,"column":4}},"53":{"start":{"line":71,"column":4},"end":{"line":71,"column":26}},"54":{"start":{"line":75,"column":20},"end":{"line":84,"column":3}},"55":{"start":{"line":76,"column":4},"end":{"line":77,"column":36}},"56":{"start":{"line":77,"column":6},"end":{"line":77,"column":36}},"57":{"start":{"line":78,"column":4},"end":{"line":79,"column":40}},"58":{"start":{"line":79,"column":6},"end":{"line":79,"column":40}},"59":{"start":{"line":80,"column":4},"end":{"line":81,"column":39}},"60":{"start":{"line":81,"column":6},"end":{"line":81,"column":39}},"61":{"start":{"line":82,"column":4},"end":{"line":83,"column":37}},"62":{"start":{"line":83,"column":6},"end":{"line":83,"column":37}},"63":{"start":{"line":86,"column":2},"end":{"line":118,"column":4}},"64":{"start":{"line":87,"column":4},"end":{"line":87,"column":63}},"65":{"start":{"line":88,"column":4},"end":{"line":88,"column":42}},"66":{"start":{"line":90,"column":4},"end":{"line":117,"column":5}},"67":{"start":{"line":91,"column":6},"end":{"line":106,"column":7}},"68":{"start":{"line":92,"column":8},"end":{"line":92,"column":40}},"69":{"start":{"line":94,"column":8},"end":{"line":94,"column":79}},"70":{"start":{"line":95,"column":8},"end":{"line":95,"column":61}},"71":{"start":{"line":96,"column":8},"end":{"line":98,"column":9}},"72":{"start":{"line":97,"column":10},"end":{"line":97,"column":61}},"73":{"start":{"line":100,"column":8},"end":{"line":100,"column":88}},"74":{"start":{"line":101,"column":8},"end":{"line":101,"column":56}},"75":{"start":{"line":102,"column":8},"end":{"line":102,"column":22}},"76":{"start":{"line":104,"column":8},"end":{"line":104,"column":83}},"77":{"start":{"line":105,"column":8},"end":{"line":105,"column":41}},"78":{"start":{"line":109,"column":6},"end":{"line":109,"column":59}},"79":{"start":{"line":110,"column":6},"end":{"line":112,"column":7}},"80":{"start":{"line":111,"column":8},"end":{"line":111,"column":59}},"81":{"start":{"line":114,"column":6},"end":{"line":114,"column":86}},"82":{"start":{"line":115,"column":6},"end":{"line":115,"column":54}},"83":{"start":{"line":116,"column":6},"end":{"line":116,"column":20}},"84":{"start":{"line":120,"column":2},"end":{"line":159,"column":4}},"85":{"start":{"line":121,"column":4},"end":{"line":158,"column":5}},"86":{"start":{"line":122,"column":6},"end":{"line":139,"column":7}},"87":{"start":{"line":123,"column":8},"end":{"line":123,"column":42}},"88":{"start":{"line":124,"column":8},"end":{"line":124,"column":35}},"89":{"start":{"line":125,"column":8},"end":{"line":126,"column":61}},"90":{"start":{"line":128,"column":21},"end":{"line":128,"column":35}},"91":{"start":{"line":129,"column":8},"end":{"line":129,"column":27}},"92":{"start":{"line":130,"column":8},"end":{"line":131,"column":28}},"93":{"start":{"line":131,"column":10},"end":{"line":131,"column":28}},"94":{"start":{"line":133,"column":8},"end":{"line":133,"column":22}},"95":{"start":{"line":135,"column":8},"end":{"line":135,"column":27}},"96":{"start":{"line":136,"column":8},"end":{"line":137,"column":28}},"97":{"start":{"line":137,"column":10},"end":{"line":137,"column":28}},"98":{"start":{"line":138,"column":8},"end":{"line":138,"column":20}},"99":{"start":{"line":145,"column":6},"end":{"line":145,"column":40}},"100":{"start":{"line":147,"column":6},"end":{"line":147,"column":33}},"101":{"start":{"line":148,"column":6},"end":{"line":149,"column":59}},"102":{"start":{"line":151,"column":19},"end":{"line":151,"column":33}},"103":{"start":{"line":153,"column":6},"end":{"line":153,"column":25}},"104":{"start":{"line":154,"column":6},"end":{"line":155,"column":26}},"105":{"start":{"line":155,"column":8},"end":{"line":155,"column":26}},"106":{"start":{"line":157,"column":6},"end":{"line":157,"column":20}},"107":{"start":{"line":161,"column":2},"end":{"line":170,"column":4}},"108":{"start":{"line":162,"column":2},"end":{"line":162,"column":47}},"109":{"start":{"line":163,"column":2},"end":{"line":163,"column":67}},"110":{"start":{"line":164,"column":2},"end":{"line":164,"column":37}},"111":{"start":{"line":166,"column":4},"end":{"line":166,"column":23}},"112":{"start":{"line":167,"column":4},"end":{"line":168,"column":24}},"113":{"start":{"line":168,"column":6},"end":{"line":168,"column":24}},"114":{"start":{"line":169,"column":2},"end":{"line":169,"column":14}},"115":{"start":{"line":173,"column":0},"end":{"line":191,"column":1}},"116":{"start":{"line":174,"column":19},"end":{"line":174,"column":24}},"117":{"start":{"line":176,"column":13},"end":{"line":176,"column":26}},"118":{"start":{"line":177,"column":2},"end":{"line":177,"column":19}},"119":{"start":{"line":178,"column":2},"end":{"line":178,"column":18}},"120":{"start":{"line":179,"column":2},"end":{"line":179,"column":18}},"121":{"start":{"line":180,"column":2},"end":{"line":190,"column":23}},"122":{"start":{"line":182,"column":4},"end":{"line":182,"column":49}},"123":{"start":{"line":184,"column":4},"end":{"line":188,"column":5}},"124":{"start":{"line":185,"column":6},"end":{"line":185,"column":38}},"125":{"start":{"line":187,"column":6},"end":{"line":187,"column":47}}},"fnMap":{"0":{"name":"(anonymous_0)","decl":{"start":{"line":3,"column":15},"end":{"line":3,"column":16}},"loc":{"start":{"line":3,"column":29},"end":{"line":171,"column":1}},"line":3},"1":{"name":"(anonymous_1)","decl":{"start":{"line":17,"column":21},"end":{"line":17,"column":22}},"loc":{"start":{"line":17,"column":31},"end":{"line":19,"column":3}},"line":17},"2":{"name":"(anonymous_2)","decl":{"start":{"line":21,"column":24},"end":{"line":21,"column":25}},"loc":{"start":{"line":21,"column":34},"end":{"line":41,"column":3}},"line":21},"3":{"name":"(anonymous_3)","decl":{"start":{"line":43,"column":28},"end":{"line":43,"column":29}},"loc":{"start":{"line":43,"column":43},"end":{"line":45,"column":3}},"line":43},"4":{"name":"(anonymous_4)","decl":{"start":{"line":54,"column":20},"end":{"line":54,"column":21}},"loc":{"start":{"line":54,"column":44},"end":{"line":56,"column":3}},"line":54},"5":{"name":"(anonymous_5)","decl":{"start":{"line":58,"column":13},"end":{"line":58,"column":14}},"loc":{"start":{"line":58,"column":33},"end":{"line":68,"column":3}},"line":58},"6":{"name":"(anonymous_6)","decl":{"start":{"line":70,"column":24},"end":{"line":70,"column":25}},"loc":{"start":{"line":70,"column":34},"end":{"line":72,"column":3}},"line":70},"7":{"name":"(anonymous_7)","decl":{"start":{"line":75,"column":20},"end":{"line":75,"column":21}},"loc":{"start":{"line":75,"column":30},"end":{"line":84,"column":3}},"line":75},"8":{"name":"(anonymous_8)","decl":{"start":{"line":86,"column":14},"end":{"line":86,"column":15}},"loc":{"start":{"line":86,"column":28},"end":{"line":118,"column":3}},"line":86},"9":{"name":"(anonymous_9)","decl":{"start":{"line":120,"column":30},"end":{"line":120,"column":31}},"loc":{"start":{"line":120,"column":40},"end":{"line":159,"column":3}},"line":120},"10":{"name":"(anonymous_10)","decl":{"start":{"line":161,"column":21},"end":{"line":161,"column":22}},"loc":{"start":{"line":161,"column":31},"end":{"line":170,"column":3}},"line":161},"11":{"name":"(anonymous_11)","decl":{"start":{"line":173,"column":16},"end":{"line":173,"column":17}},"loc":{"start":{"line":173,"column":47},"end":{"line":191,"column":1}},"line":173}},"branchMap":{"0":{"loc":{"start":{"line":1,"column":10},"end":{"line":1,"column":76}},"type":"cond-expr","locations":[{"start":{"line":1,"column":61},"end":{"line":1,"column":67}},{"start":{"line":1,"column":70},"end":{"line":1,"column":76}}],"line":1},"1":{"loc":{"start":{"line":1,"column":10},"end":{"line":1,"column":58}},"type":"binary-expr","locations":[{"start":{"line":1,"column":10},"end":{"line":1,"column":39}},{"start":{"line":1,"column":43},"end":{"line":1,"column":58}}],"line":1},"2":{"loc":{"start":{"line":22,"column":4},"end":{"line":23,"column":19}},"type":"if","locations":[{"start":{"line":22,"column":4},"end":{"line":23,"column":19}},{"start":{},"end":{}}],"line":22},"3":{"loc":{"start":{"line":24,"column":4},"end":{"line":25,"column":19}},"type":"if","locations":[{"start":{"line":24,"column":4},"end":{"line":25,"column":19}},{"start":{},"end":{}}],"line":24},"4":{"loc":{"start":{"line":26,"column":4},"end":{"line":27,"column":19}},"type":"if","locations":[{"start":{"line":26,"column":4},"end":{"line":27,"column":19}},{"start":{},"end":{}}],"line":26},"5":{"loc":{"start":{"line":28,"column":4},"end":{"line":29,"column":23}},"type":"if","locations":[{"start":{"line":28,"column":4},"end":{"line":29,"column":23}},{"start":{},"end":{}}],"line":28},"6":{"loc":{"start":{"line":30,"column":4},"end":{"line":31,"column":23}},"type":"if","locations":[{"start":{"line":30,"column":4},"end":{"line":31,"column":23}},{"start":{},"end":{}}],"line":30},"7":{"loc":{"start":{"line":32,"column":4},"end":{"line":33,"column":23}},"type":"if","locations":[{"start":{"line":32,"column":4},"end":{"line":33,"column":23}},{"start":{},"end":{}}],"line":32},"8":{"loc":{"start":{"line":34,"column":4},"end":{"line":35,"column":22}},"type":"if","locations":[{"start":{"line":34,"column":4},"end":{"line":35,"column":22}},{"start":{},"end":{}}],"line":34},"9":{"loc":{"start":{"line":36,"column":4},"end":{"line":37,"column":22}},"type":"if","locations":[{"start":{"line":36,"column":4},"end":{"line":37,"column":22}},{"start":{},"end":{}}],"line":36},"10":{"loc":{"start":{"line":38,"column":4},"end":{"line":39,"column":22}},"type":"if","locations":[{"start":{"line":38,"column":4},"end":{"line":39,"column":22}},{"start":{},"end":{}}],"line":38},"11":{"loc":{"start":{"line":76,"column":4},"end":{"line":77,"column":36}},"type":"if","locations":[{"start":{"line":76,"column":4},"end":{"line":77,"column":36}},{"start":{},"end":{}}],"line":76},"12":{"loc":{"start":{"line":78,"column":4},"end":{"line":79,"column":40}},"type":"if","locations":[{"start":{"line":78,"column":4},"end":{"line":79,"column":40}},{"start":{},"end":{}}],"line":78},"13":{"loc":{"start":{"line":80,"column":4},"end":{"line":81,"column":39}},"type":"if","locations":[{"start":{"line":80,"column":4},"end":{"line":81,"column":39}},{"start":{},"end":{}}],"line":80},"14":{"loc":{"start":{"line":82,"column":4},"end":{"line":83,"column":37}},"type":"if","locations":[{"start":{"line":82,"column":4},"end":{"line":83,"column":37}},{"start":{},"end":{}}],"line":82},"15":{"loc":{"start":{"line":90,"column":4},"end":{"line":117,"column":5}},"type":"if","locations":[{"start":{"line":90,"column":4},"end":{"line":117,"column":5}},{"start":{"line":107,"column":9},"end":{"line":117,"column":5}}],"line":90},"16":{"loc":{"start":{"line":91,"column":6},"end":{"line":106,"column":7}},"type":"if","locations":[{"start":{"line":91,"column":6},"end":{"line":106,"column":7}},{"start":{"line":103,"column":11},"end":{"line":106,"column":7}}],"line":91},"17":{"loc":{"start":{"line":96,"column":8},"end":{"line":98,"column":9}},"type":"if","locations":[{"start":{"line":96,"column":8},"end":{"line":98,"column":9}},{"start":{},"end":{}}],"line":96},"18":{"loc":{"start":{"line":110,"column":6},"end":{"line":112,"column":7}},"type":"if","locations":[{"start":{"line":110,"column":6},"end":{"line":112,"column":7}},{"start":{},"end":{}}],"line":110},"19":{"loc":{"start":{"line":121,"column":4},"end":{"line":158,"column":5}},"type":"if","locations":[{"start":{"line":121,"column":4},"end":{"line":158,"column":5}},{"start":{"line":143,"column":9},"end":{"line":158,"column":5}}],"line":121},"20":{"loc":{"start":{"line":122,"column":6},"end":{"line":139,"column":7}},"type":"if","locations":[{"start":{"line":122,"column":6},"end":{"line":139,"column":7}},{"start":{"line":134,"column":11},"end":{"line":139,"column":7}}],"line":122},"21":{"loc":{"start":{"line":130,"column":8},"end":{"line":131,"column":28}},"type":"if","locations":[{"start":{"line":130,"column":8},"end":{"line":131,"column":28}},{"start":{},"end":{}}],"line":130},"22":{"loc":{"start":{"line":136,"column":8},"end":{"line":137,"column":28}},"type":"if","locations":[{"start":{"line":136,"column":8},"end":{"line":137,"column":28}},{"start":{},"end":{}}],"line":136},"23":{"loc":{"start":{"line":154,"column":6},"end":{"line":155,"column":26}},"type":"if","locations":[{"start":{"line":154,"column":6},"end":{"line":155,"column":26}},{"start":{},"end":{}}],"line":154},"24":{"loc":{"start":{"line":167,"column":4},"end":{"line":168,"column":24}},"type":"if","locations":[{"start":{"line":167,"column":4},"end":{"line":168,"column":24}},{"start":{},"end":{}}],"line":167},"25":{"loc":{"start":{"line":184,"column":4},"end":{"line":188,"column":5}},"type":"if","locations":[{"start":{"line":184,"column":4},"end":{"line":188,"column":5}},{"start":{"line":186,"column":11},"end":{"line":188,"column":5}}],"line":184}},"s":{"0":1,"1":1,"2":1,"3":1,"4":1,"5":1,"6":1,"7":1,"8":1,"9":1,"10":1,"11":1,"12":1,"13":15,"14":1,"15":95,"16":15,"17":80,"18":10,"19":70,"20":0,"21":70,"22":5,"23":65,"24":10,"25":55,"26":0,"27":55,"28":10,"29":45,"30":10,"31":35,"32":10,"33":25,"34":1,"35":50,"36":1,"37":1,"38":50,"39":50,"40":50,"41":50,"42":1,"43":0,"44":1,"45":3,"46":3,"47":3,"48":3,"49":3,"50":3,"51":3,"52":1,"53":9,"54":1,"55":19,"56":5,"57":19,"58":3,"59":19,"60":6,"61":19,"62":5,"63":1,"64":32,"65":32,"66":32,"67":23,"68":10,"69":10,"70":10,"71":10,"72":4,"73":10,"74":10,"75":10,"76":13,"77":13,"78":9,"79":9,"80":1,"81":9,"82":9,"83":9,"84":1,"85":28,"86":22,"87":9,"88":9,"89":9,"90":9,"91":9,"92":9,"93":3,"94":9,"95":13,"96":13,"97":4,"98":13,"99":6,"100":6,"101":6,"102":6,"103":6,"104":6,"105":2,"106":6,"107":1,"108":4,"109":4,"110":4,"111":4,"112":4,"113":1,"114":4,"115":1,"116":1,"117":1,"118":1,"119":1,"120":1,"121":1,"122":32,"123":32,"124":4,"125":28},"f":{"0":1,"1":15,"2":95,"3":50,"4":0,"5":3,"6":9,"7":19,"8":32,"9":28,"10":4,"11":1},"b":{"0":[0,1],"1":[1,0],"2":[15,80],"3":[10,70],"4":[0,70],"5":[5,65],"6":[10,55],"7":[0,55],"8":[10,45],"9":[10,35],"10":[10,25],"11":[5,14],"12":[3,16],"13":[6,13],"14":[5,14],"15":[23,9],"16":[10,13],"17":[4,6],"18":[1,8],"19":[22,6],"20":[9,13],"21":[3,6],"22":[4,9],"23":[2,4],"24":[1,3],"25":[4,28]},"_coverageSchema":"1a1c01bbd47fc00a2c39e90264f33305004495a9","hash":"c51352bb32799f5a288b2f791b032611873774e4"}
}
