TN:
SF:game.js
FN:3,(anonymous_0)
FN:17,(anonymous_1)
FN:21,(anonymous_2)
FN:43,(anonymous_3)
FN:54,(anonymous_4)
FN:58,(anonymous_5)
FN:70,(anonymous_6)
FN:75,(anonymous_7)
FN:86,(anonymous_8)
FN:120,(anonymous_9)
FN:161,(anonymous_10)
FN:173,(anonymous_11)
FNF:12
FNH:11
FNDA:1,(anonymous_0)
FNDA:15,(anonymous_1)
FNDA:95,(anonymous_2)
FNDA:50,(anonymous_3)
FNDA:0,(anonymous_4)
FNDA:3,(anonymous_5)
FNDA:9,(anonymous_6)
FNDA:19,(anonymous_7)
FNDA:32,(anonymous_8)
FNDA:28,(anonymous_9)
FNDA:4,(anonymous_10)
FNDA:1,(anonymous_11)
DA:1,1
DA:3,1
DA:4,1
DA:5,1
DA:6,1
DA:7,1
DA:9,1
DA:10,1
DA:11,1
DA:12,1
DA:14,1
DA:15,1
DA:17,1
DA:18,15
DA:21,1
DA:22,95
DA:23,15
DA:24,80
DA:25,10
DA:26,70
DA:27,0
DA:28,70
DA:29,5
DA:30,65
DA:31,10
DA:32,55
DA:33,0
DA:34,55
DA:35,10
DA:36,45
DA:37,10
DA:38,35
DA:39,10
DA:40,25
DA:43,1
DA:44,50
DA:47,1
DA:48,50
DA:49,50
DA:50,50
DA:51,50
DA:54,1
DA:55,0
DA:58,1
DA:59,3
DA:60,3
DA:61,3
DA:62,3
DA:64,3
DA:65,3
DA:67,3
DA:70,1
DA:71,9
DA:75,1
DA:76,19
DA:77,5
DA:78,19
DA:79,3
DA:80,19
DA:81,6
DA:82,19
DA:83,5
DA:86,1
DA:87,32
DA:88,32
DA:90,32
DA:91,23
DA:92,10
DA:94,10
DA:95,10
DA:96,10
DA:97,4
DA:100,10
DA:101,10
DA:102,10
DA:104,13
DA:105,13
DA:109,9
DA:110,9
DA:111,1
DA:114,9
DA:115,9
DA:116,9
DA:120,1
DA:121,28
DA:122,22
DA:123,9
DA:124,9
DA:125,9
DA:128,9
DA:129,9
DA:130,9
DA:131,3
DA:133,9
DA:135,13
DA:136,13
DA:137,4
DA:138,13
DA:145,6
DA:147,6
DA:148,6
DA:151,6
DA:153,6
DA:154,6
DA:155,2
DA:157,6
DA:161,1
DA:162,4
DA:163,4
DA:164,4
DA:166,4
DA:167,4
DA:168,1
DA:169,4
DA:173,1
DA:174,1
DA:176,1
DA:177,1
DA:178,1
DA:179,1
DA:180,1
DA:182,32
DA:184,32
DA:185,4
DA:187,28
LF:125
LH:122
BRDA:1,0,0,0
BRDA:1,0,1,1
BRDA:1,1,0,1
BRDA:1,1,1,0
BRDA:22,2,0,15
BRDA:22,2,1,80
BRDA:24,3,0,10
BRDA:24,3,1,70
BRDA:26,4,0,0
BRDA:26,4,1,70
BRDA:28,5,0,5
BRDA:28,5,1,65
BRDA:30,6,0,10
BRDA:30,6,1,55
BRDA:32,7,0,0
BRDA:32,7,1,55
BRDA:34,8,0,10
BRDA:34,8,1,45
BRDA:36,9,0,10
BRDA:36,9,1,35
BRDA:38,10,0,10
BRDA:38,10,1,25
BRDA:76,11,0,5
BRDA:76,11,1,14
BRDA:78,12,0,3
BRDA:78,12,1,16
BRDA:80,13,0,6
BRDA:80,13,1,13
BRDA:82,14,0,5
BRDA:82,14,1,14
BRDA:90,15,0,23
BRDA:90,15,1,9
BRDA:91,16,0,10
BRDA:91,16,1,13
BRDA:96,17,0,4
BRDA:96,17,1,6
BRDA:110,18,0,1
BRDA:110,18,1,8
BRDA:121,19,0,22
BRDA:121,19,1,6
BRDA:122,20,0,9
BRDA:122,20,1,13
BRDA:130,21,0,3
BRDA:130,21,1,6
BRDA:136,22,0,4
BRDA:136,22,1,9
BRDA:154,23,0,2
BRDA:154,23,1,4
BRDA:167,24,0,1
BRDA:167,24,1,3
BRDA:184,25,0,4
BRDA:184,25,1,28
BRF:52
BRH:48
end_of_record
